Detecting compiler hash for triplet arm64-linux...
Compiler found: /usr/bin/c++
The following packages will be built and installed:
    catch2:arm64-linux@3.10.0
    libedit:arm64-linux@2024-08-08
  * vcpkg-cmake:arm64-linux@2024-04-23
  * vcpkg-cmake-config:arm64-linux@2024-05-23
Additional packages (*) will be modified to complete this operation.
Restored 3 package(s) from /home/cs300-user/.cache/vcpkg/archives in 268 ms. Use --debug to see more details.
Installing 1/4 vcpkg-cmake-config:arm64-linux@2024-05-23...
Elapsed time to handle vcpkg-cmake-config:arm64-linux: 3.88 ms
vcpkg-cmake-config:arm64-linux package ABI: b655002cbf3c9d7c9c787541d8854b98083b354e72f1d26dab388e758cf9c0cb
Installing 2/4 vcpkg-cmake:arm64-linux@2024-04-23...
Elapsed time to handle vcpkg-cmake:arm64-linux: 4.32 ms
vcpkg-cmake:arm64-linux package ABI: ff271f57f68eebd230c8800567757a7151c7c0524bb82eb1f32cf1050f33038d
Installing 3/4 catch2:arm64-linux@3.10.0...
Elapsed time to handle catch2:arm64-linux: 73.9 ms
catch2:arm64-linux package ABI: aed10cf02c02660601e9ccb38ec6688b28a767b08d213f5cb2878268fdac23b3
Installing 4/4 libedit:arm64-linux@2024-08-08...
Building libedit:arm64-linux@2024-08-08...
/home/cs300-user/debugger/vcpkg/triplets/community/arm64-linux.cmake: info: loaded community triplet from here. Community triplets are not built in the curated registry and are thus less likely to succeed.
libedit currently requires the following programs from the system package manager:
    autoconf autoheader aclocal automake libtoolize
On Debian and Ubuntu derivatives:
    sudo apt install autoconf libtool
On recent Red Hat and Fedora derivatives:
    sudo dnf install autoconf libtool
On Arch Linux and derivatives:
    sudo pacman -S autoconf automake libtool
On Alpine:
    apk add autoconf automake libtool
-- Using cached libedit-20240808-3.1.tar.gz
-- Cleaning sources at /home/cs300-user/debugger/vcpkg/buildtrees/libedit/src/20240808-3-eb4c8bbbd6.clean. Use --editable to skip cleaning for the packages you specify.
-- Extracting source /home/cs300-user/debugger/vcpkg/downloads/libedit-20240808-3.1.tar.gz
-- Using source at /home/cs300-user/debugger/vcpkg/buildtrees/libedit/src/20240808-3-eb4c8bbbd6.clean
-- Getting CMake variables for arm64-linux-dbg
-- Getting CMake variables for arm64-linux-rel
-- Generating configure for arm64-linux
-- Finished generating configure for arm64-linux
-- Configuring arm64-linux-dbg
-- Configuring arm64-linux-rel
-- Building arm64-linux-dbg
-- Installing arm64-linux-dbg
-- Building arm64-linux-rel
-- Installing arm64-linux-rel
-- Fixing pkgconfig file: /home/cs300-user/debugger/vcpkg/packages/libedit_arm64-linux/lib/pkgconfig/libedit.pc
-- Fixing pkgconfig file: /home/cs300-user/debugger/vcpkg/packages/libedit_arm64-linux/debug/lib/pkgconfig/libedit.pc
-- Installing: /home/cs300-user/debugger/vcpkg/packages/libedit_arm64-linux/share/libedit/copyright
-- Performing post-build validation
Starting submission of libedit:arm64-linux@2024-08-08 to 1 binary cache(s) in the background
Elapsed time to handle libedit:arm64-linux: 12 s
libedit:arm64-linux package ABI: cec73d0d537da4e47ff02d7c092d3c6f62a4d7e52d99d6766167368ce22fd4a6
Installed contents are licensed to you by owners. Microsoft is not responsible for, nor does it grant any licenses to, third-party packages.
Packages installed in this vcpkg installation declare the following licenses:
BSD-4-Clause-UC
BSL-1.0
MIT
catch2 provides CMake targets:

  # this is heuristically generated, and may not be correct
  find_package(Catch2 CONFIG REQUIRED)
  target_link_libraries(main PRIVATE Catch2::Catch2 Catch2::Catch2WithMain)

catch2 provides pkg-config modules:

  # A modern, C++-native test framework for C++14 and above (links in default main)
  catch2-with-main

  # A modern, C++-native, test framework for C++14 and above
  catch2

libedit provides pkg-config modules:

  # command line editor library provides generic line editing, history, and tokenization functions.
  libedit

Waiting for 1 remaining binary cache submissions...
Completed submission of libedit:arm64-linux@2024-08-08 to 1 binary cache(s) in 73.8 ms (1/1)
All requested installations completed successfully in: 12 s
